<?xml version='1.0' encoding='UTF-8'?>
<testsuite hostname="Madhura" name="com.madhura.pipeline.ingest.MainSpec" tests="1" errors="0" failures="0" skipped="0" time="0.016" timestamp="2026-03-05T12:23:49">
                     <properties>
[...]
</properties>
                     <testcase classname="com.madhura.pipeline.ingest.MainSpec" name="Main runs without throwing" time="0.016">
                                                 
                                               </testcase>
                     <system-out><![CDATA[]]></system-out>
                     <system-err><![CDATA[]]></system-err>
                   </testsuite>